need 2
using 1
noted 2
parts 1
coded 1
academic 3
incorporate 2
deliverables 1
over 1
carrano 1
contribution 1
partner 2
collision 1
these 6
else 1
converting 1
answer 1
number 2
partial 2
few 1
initialization 1
project 5
explicit 1
discuss 1
each 9
keeping 1
powerpoint 2
computer 2
before 3
behavior 2
made 1
aid 1
trouble 1
programming 2
leave 1
guidelines 2
locations 1
times 1
consider 1
write 3
usually 1
do 8
look 1
classes 4
define 1
d 2
may 1
e 1
b 5
keys 1
c 3
a 52
o 8
ones 1
electronic 1
i 1
v 1
including 1
deeper 1
what 11
exists 1
having 1
testing 2
public 2
comments 1
sizes 1
methods 1
lecture 1
by 5
same 2
would 1
occurrences 1
any 3
optional 1
derived 1
changestesting 1
key 1
initialize 1
be 15
think 2
learn 1
far 1
code 6
much 1
and 29
summarizing 1
bounds 1
items 1
names 2
better 1
captures 1
merits 1
example 1
make 5
does 1
cumulative 1
remember 2
acceptable 9
obtained 1
department 1
set 3
existing 2
understanding 1
frequency 1
rar 1
through 2
analysis 2
met 1
author 1
following 2
area 1
hands 1
generally 1
name 1
all 7
reached 1
sample 1
lessons 1
april 1
depend 1
universally 1
at 2
as 14
still 2
gray 1
persons 1
main 1
topics 2
which 4
see 4
take 1
anyone 1
there 1
an 14
proposals 1
off 1
approach 1
proposed 1
java 1
they 3
instructor 3
lower 1
paragraph 1
chapters 1
no 1
implementations 1
iii 1
permitted 1
of 37
oriented 1
occurrence 1
on 6
her 6
activities 1
fully 1
move 1
increment 1
screen 1
structure 2
numerous 1
or 17
submitted 2
questions 1
constructors 3
include 8
committed 1
dont 1
decisions 1
them 4
handing 3
then 5
performed 2
will 5
counts 1
publicly 1
most 2
influence 1
resubmit 1
algorithm 1
clear 2
disbursement 1
researching 1
tests 1
unless 1
me 1
files 3
ideal 1
helps 1
illustrate 1
teaching 2
account 1
method 2
design 1
described 1
negligence 1
follows 2
technology 1
single 2
count 4
where 2
honest 1
youll 1
looks 1
his 6
results 4
when 1
someone 4
value 2
applications 1
required 1
characterized 1
such 1
easier 2
means 3
here 1
mutator 1
correlation 1
exhaustive 1
team 1
offering 2
compressed 1
issues 1
issuesbugs 1
commonly 1
this 6
equivalent 1
wentworth 1
way 1
from 5
add 2
requirements 1
while 1
was 1
super 4
resolved 1
able 1
if 9
ie 3
below 1
read 4
adt 2
between 4
constructor 1
abstract 1
zip 3
application 1
is 23
those 1
it 14
standard 2
validation 1
iv 1
your 25
into 1
ii 1
readers 1
problem 9
in 25
concepts 1
print 2
section 3
hashed 1
schedule 1
objectives 2
implementation 2
necessary 1
alterations 1
also 4
cosmetic 1
found 2
constitute 4
summary 2
limited 1
understand 1
handle 1
knowingly 1
etc 1
indisputable 1
dave 1
its 5
passes 1
practices 2
assistant 2
forward 1
option 1
serve 1
how 8
under 1
discussing 3
available 2
indicated 1
structures 1
variables 4
own 6
examples 6
we 1
vi 1
simple 1
next 2
data 2
use 5
chaining 1
wordcount 1
run 1
differences 1
running 2
originality 1
tradeoffs 1
document 1
authorship 1
worked 1
written 1
hard 1
comp 1
previous 2
divide 1
cannot 1
up 3
relationship 1
institute 1
assignment 13
either 1
presenting 1
overview 1
accessor 1
original 1
part 1
variable 1
respect 1
keep 1
to 43
questionable 1
instructions 2
implicit 1
good 2
must 3
science 2
values 2
student 8
varying 2
understood 1
instance 4
presented 3
follow 3
demonstrate 2
text 1
index 1
submit 1
so 6
select 1
submitting 3
init 2
effort 1
hashtable 1
numbered 1
collaborate 1
writeup 5
logic 1
size 6
that 12
input 4
efforts 1
constitutes 1
case 3
valid 1
slides 1
can 3
about 4
elses 3
sum 1
well 1
observations 2
hand 1
complete 1
arose 1
above 1
implement 2
outstanding 1
separate 2
helper 1
unicode 1
you 23
qa 1
general 1
youre 1
variety 1
tables 1
misconduct 3
anything 1
effect 1
learned 2
provided 1
out 2
person 1
test 2
for 16
addressed 2
course 3
are 11
page 1
file 9
performing 1
yourself 1
anothers 1
working 1
others 1
pairs 1
form 1
did 6
guilty 1
table 17
plagiarism 9
like 1
create 1
without 8
not 20
record 1
present 1
start 1
approaches 2
ask 2
some 3
might 1
collaboration 3
encouraged 4
private 1
according 1
character 1
disbursed 1
words 6
dates 1
length 2
mind 1
end 1
regardless 1
just 3
observation 1
resolve 1
cases 1
coordinate 1
should 8
research 1
verbal 1
obtaining 1
point 1
blackboard 1
chain 2
attach 1
based 1
but 5
solutions 2
functional 1
answers 1
submission 2
used 3
contributing 1
please 2
enhancements 1
sure 4
work 14
hash 21
class 8
permission 1
picture 1
presentation 3
program 2
word 6
call 1
other 2
have 3
specific 1
object 1
solution 11
upper 1
another 4
full 1
attempts 1
readings 1
making 1
students 4
with 5
minutes 1
buckets 1
acknowledgment 10
potential 1
strategy 1
the 66
rosenberg 1
alternatives 1
applied 1
continue 1
confuse 1
their 2
group 7
user 1
