need 1
periods 1
discussion 2
handle 2
appear 1
calculate 1
etc 2
dictionaryhash 2
manipulating 1
its 1
time 1
frequencies 1
occurring 1
along 1
option 1
turn 1
once 5
how 1
isn 1
number 10
intermediate 1
suggest 1
available 1
always 1
optionally 3
structures 1
project 1
loaded 2
median 1
individually 1
simply 2
load 5
each 7
specify 1
try 1
andor 2
punctuation 2
array 1
computer 1
typically 1
minimum 1
behavior 2
before 3
next 1
accordingly 1
data 2
chaining 1
use 5
aid 1
wordcount 3
usercaller 1
run 2
handling 2
spring 1
modification 1
leave 2
locations 2
numbers 1
could 3
token 1
times 2
current 1
entries 3
tell 1
do 5
possessives 1
debugging 1
ensure 1
direct 1
facilitate 1
comp 1
may 9
choices 1
a 26
n 1
implemented 1
supplied 1
factor 5
represent 1
i 7
up 2
eg 5
assignment 1
either 1
t 3
utility 1
s 3
what 4
string 1
having 1
prompt 1
runs 1
public 1
respect 2
to 38
sizes 3
provide 4
root 1
change 1
least 1
simplest 1
by 5
same 1
has 2
must 10
amount 1
after 2
values 1
varying 1
metrics 18
basic 1
approximately 1
occurrences 1
any 3
processing 2
welcome 1
key 1
be 7
control 2
text 2
populated 1
however 1
shouldn 1
so 1
select 1
likely 1
hashtable 6
display 13
indicating 1
code 1
writeup 2
preferred 1
and 17
size 12
properly 1
that 7
populating 1
email 1
maximum 1
than 2
supplemental 1
several 1
example 1
case 1
make 3
large 1
immediately 2
collect 1
remember 1
can 5
set 2
existing 1
about 2
frequency 1
analysis 1
lab 1
organization 1
especially 1
supplement 1
name 1
multiple 1
too 2
all 4
sample 2
separate 3
percentage 1
urls 1
at 1
as 5
resizing 4
finished 1
you 40
threshold 2
reaches 1
tables 2
which 5
see 1
take 1
listing 1
an 3
provided 3
increase 1
boy 1
brief 1
out 1
interestinguseful 1
for 14
accept 1
implementations 1
determine 1
mechanism 1
caseinsensitive 1
calculated 1
whether 1
distinct 1
beyond 1
draw 1
operation 1
of 32
gui 1
frequencynumber 1
are 2
comparisons 1
given 1
behaviors 2
initial 6
file 9
clarify 1
on 2
only 2
choose 1
fully 2
strategies 1
information 1
or 8
submitted 1
questions 1
did 1
prevent 1
table 21
regarding 1
without 1
create 2
resized 2
unaltered 1
include 10
huge 1
not 6
prime 7
present 1
them 2
then 1
will 5
saw 1
addresses 1
ask 1
some 3
small 1
upon 1
different 3
caller 1
might 1
put 1
remove 1
separated 1
recommended 1
line 2
most 2
followed 1
corresponds 1
mode 1
twice 1
clean 1
words 10
dates 1
probably 1
rather 1
mine 1
giving 1
construction 1
note 1
frequently 1
regardless 1
options 1
files 6
minimally 1
onoff 1
collected 1
larger 2
return 1
dictionary 3
already 1
should 5
my 1
process 4
folder 3
specified 1
linkedlist 1
method 3
calculating 1
based 1
produce 1
but 4
count 1
wish 1
where 1
resize 6
been 2
commas 2
prior 1
doesn 1
exceeds 1
more 1
when 1
value 4
sets 1
sure 1
appropriate 1
trailing 1
hash 7
mutator 2
class 6
wordsfrequencies 1
format 2
requires 1
statement 1
console 1
default 4
presentation 1
program 2
even 1
word 1
match 1
output 2
this 10
treat 1
decide 1
other 3
allow 1
have 4
attribute 1
from 2
object 1
add 2
solution 2
txt 2
considered 1
real 1
automatically 1
if 5
able 2
corresponding 2
path 1
mean 1
read 1
driver 1
nonwords 1
tuning 1
exist 1
constructor 2
application 1
is 10
with 7
it 18
buckets 4
added 1
your 10
into 2
the 99
in 18
know 1
conclusions 1
two 1
assignmentwriteup 1
specification 1
their 2
group 1
also 2
user 3
average 1
