melvyn 1
unemployment 1
cause 1
by 1
flow 1
studies 1
lecturer 1
mass 1
of 11
time 1
were 1
mills 1
are 1
joined 1
reaching 1
reports 1
consequences 1
told 1
far 1
director 1
and 4
london 1
stopped 1
professor 1
david 1
manchester 1
this 1
blockade 2
confederate 1
senior 1
cotton 3
from 1
followed 1
war 1
emma 1
goldman 1
while 1
griffin 1
southern 1
extent 1
full 1
during 1
american 2
civil 1
east 1
disputed 1
bragg 1
lawrence 1
migration 1
university 3
is 1
starvation 1
at 4
into 1
the 12
research 1
in 4
history 1
institute 1
ports 1
which 1
famine 2
lancashire 2
brown 1
historical 1
anglia 1
britain 1
