constitute 1
instructor 7
appear 1
withdrawal 1
for 6
makeup 1
wait 2
whether 1
course 5
of 9
time 1
free 1
are 2
on 2
quantity 1
instructors 1
right 1
information 1
final 1
or 2
waiting 1
attendance 2
papers 2
semesters 1
assignments 1
include 1
not 2
happened 1
announced 2
will 3
quality 1
wa 1
faculty 1
examination 2
knowledge 1
leave 1
tests 2
unless 1
times 1
grade 1
ability 1
classes 1
entitled 1
may 3
responsible 2
delayed 1
a 11
evaluated 1
up 1
obtaining 1
including 1
specified 1
what 2
part 1
to 8
allowed 1
studio 1
transcript 1
percent 1
attend 1
withdrawn 1
marks 1
least 1
repeatedly 1
by 3
absent 3
has 1
must 1
who 4
discretion 1
after 1
regularly 1
student 3
participation 1
longer 1
official 1
notified 1
be 3
work 1
submit 1
class 9
ascertain 1
lack 1
period 2
and 4
arrive 1
that 1
involved 1
scheduled 1
previously 2
day 1
make 1
does 1
decide 1
result 1
other 2
about 1
achieve 1
from 6
misses 1
was 1
especially 1
students 5
is 5
beginning 1
minutes 1
matter 1
at 3
as 3
the 21
in 3
expected 1
objectives 1
twenty 1
take 1
continue 1
grades 1
their 1
missed 1
